2020-03-19 10:54:04.839268
Unknown Nicks []

Титанов 36: Войн 9
2020-03-19 12:07:06.038022
Unknown Nicks []

Титанов 36: Войн 10
2020-03-20 00:31:52.429025
Unknown Nicks ['пам', 'пам 253048', 'Xuxutyxa:)))', 'Xuxutyxa:))) 148531', '| )al’nobo¥ [UA]', '| )al’nobo¥ [UA] 87961']
Недопустимое значение урона:  ... 67743
Титанов 36: Войн 10
2020-03-20 00:34:34.878159
Unknown Nicks ['пам', 'пам 253048', 'Xuxutyxa:)))', 'Xuxutyxa:))) 148531', '| )al’nobo¥ [UA]', '| )al’nobo¥ [UA] 87961']
Недопустимое значение урона:  ... 67743
Титанов 36: Войн 10
2020-03-20 00:37:40.148675
Unknown Nicks ['там', 'там 253048', 'BoBa.', 'BoBa. 113670', '| )al’nobo¥ [UA]', '| )al’nobo¥ [UA] 87961']
Недопустимое значение урона: ... 67743
Титанов 36: Войн 10
2020-03-20 10:10:37.907847
Unknown Nicks []

Титанов 37: Войн 10
2020-03-20 15:12:32.927468
Unknown Nicks ['MaKc["Ukraine—Ukraine"]', 'MaKc["Ukraine—Ukraine"]159504', 'АІех', 'АІех 192', '3nam', '3nam117842', 'Vo|odymyr', 'Vo|odymyr189', 'vo|odymyr', 'vo|odymyr188', 'Boaa.', 'Boaa.131335', '', '400', 'Boaa', 'Boaa138131', '', '400', 'пеший', 'пеший 99041', 'АІехеу29223', 'АІехеу29223 63409', '|ndiV', '|ndiV 166219', 'Harnobo¥[UA]', 'Harnobo¥[UA]156247', 'Хихитуха3))', 'Хихитуха3))145107', '', '400', 'АІехеу29223', 'АІехеу29223 274', '', '400', 'E|eter', 'E|eter342731', 'Desurnori', 'Desurnori224877', '', '400', 'ВоПпа', 'ВоПпа5129325', 'Darnobo¥[UA]', 'Darnobo¥[UA]115389', 'Хихитуха3))', 'Хихитуха3))64553', 'AHk', 'AHk062069', 'Karan1e|', 'Karan1e|58566', '', '400', 'АІехеу', 'АІехеу29223215853', 'AHko', 'AHko161207', 'A|ex', 'A|ex159563', 'Harnobo¥[UA]', 'Harnobo¥[UA]150727', '|ndiV', '|ndiV 140678', '3nawl', '3nawl139168', '', '400', 'Хихитухаэп', 'Хихитухаэп101758', 'E|eter', 'E|eter100569', 'Boaa.', 'Boaa.113670']
NickName not found: Boaa.NickName not found: Boaa.113670
Титанов 36: Войн 10
2020-03-20 15:24:13.373020
Unknown Nicks ['', '400', 'Boaa.', 'Boaa.113670']
NickName not found: Boaa.NickName not found: Boaa.113670
Титанов 36: Войн 10
2020-03-20 15:30:30.874207
Unknown Nicks []

Титанов 36: Войн 10
2020-03-20 15:31:29.644898
Unknown Nicks []

Титанов 37: Войн 10
2020-03-23 12:37:21.397892
Unknown Nicks []

Титанов 40: Войн 11
2020-03-23 12:59:15.024789

Unknown Nicks []

Титанов 40: Войн 11
2020-03-23 14:07:08.614591

Unknown Nicks []

Титанов 40: Войн 11
2020-03-23 14:55:14.541731


Титанов 40: Войн 11
2020-03-23 16:10:29.022139
processing: screenshots\Screenshot_20200323-160619.jpg 


Титанов 41: Войн 11
2020-03-24 10:51:48.309977

2020-03-25 10:32:38.910873
processing: screenshots\Screenshot_20200324-224620.jpg 

Unknown Nicks [']а|0\\/', ']а|0\\/ 96349']
NickName not found: ]а|0\/ NickName not found: ]а|0\/ 96349
Титанов 42: Войн 11
2020-03-25 10:43:22.040640
processing: screenshots\Screenshot_20200324-224620.jpg 

Титанов 42: Войн 11
2020-03-26 13:59:12.522059
processing: screenshots\Screenshot_20200325-224317.jpg 
processing: screenshots\Screenshot_20200326-115945.jpg 

Титанов 43: Войн 12
2020-03-27 16:48:12.135020
processing: screenshots\Screenshot_20200327-003218.jpg 

Титанов 44: Войн 12
2020-03-29 00:01:03.020508
processing: screenshots\Screenshot_20200327-234810.jpg 
processing: screenshots\Screenshot_20200328-232257.jpg 

Unknown Nicks ['Макс ["Ukraine-Ukraine”]', 'Макс ["Ukraine-Ukraine”] 231805', 'BoBa', 'BoBa 218832', 'пам', 'пам 145626', "| jal'nobo¥ [UA]", "| jal'nobo¥ [UA] 145023", 'BoBa', 'BoBa 223104', 'BoBa.', 'BoBa. 217826']
Недопустимое значение урона: ... 122788
Титанов 44: Войн 12
2020-03-29 00:18:47.890892
processing: screenshots\Screenshot_20200327-234810.jpg 
processing: screenshots\Screenshot_20200328-232257.jpg 

Unknown Nicks ['Макс ["Ukraine-Ukraine”]', 'Макс ["Ukraine-Ukraine”] 231805', 'BoBa', 'BoBa 218832', 'пам', 'пам 145626', "| jal'nobo¥ [UA]", "| jal'nobo¥ [UA] 145023", 'BoBa', 'BoBa 223104', 'BoBa.', 'BoBa. 217826']
Недопустимое значение урона: ... 122788
Титанов 44: Войн 12
2020-03-30 09:37:51.223216
processing: screenshots\Screenshot_20200327-234810.jpg 
processing: screenshots\Screenshot_20200328-232257.jpg 
processing: screenshots\Screenshot_20200329-212641.jpg 
processing: screenshots\Screenshot_20200329-222657.jpg 

Титанов 47: Войн 13
2020-03-30 17:29:02.708672
processing: screenshots\Screenshot_20200330-172732.jpg 

Титанов 48: Войн 13
2020-03-31 16:03:31.611264
processing: screenshots\Screenshot_20200331-153521.jpg 

Титанов 49: Войн 13
2020-04-01 12:02:55.621364
processing: screenshots\Screenshot_20200401-115922.jpg 

Титанов 50: Войн 13
2020-04-02 13:46:36.686810
processing: screenshots\Screenshot_20200402-134455.jpg 

Титанов 50: Войн 14
2020-04-02 19:33:10.815104

Титанов 50: Войн 14
2020-04-02 19:39:10.173715
processing: screenshots\Screenshot_20200402-181552.jpg 

Титанов 51: Войн 14
2020-04-03 12:36:40.310284
processing: screenshots\Screenshot_20200403-111318.jpg 

Титанов 52: Войн 14
2020-04-04 13:28:10.331778
processing: screenshots\Screenshot_20200404-083540.jpg 

Unknown Nicks ['АІех', 'АІех 124738', 'АІехеу29223', 'АІехеу29223 88577']
NickName not found: АІех NickName not found: АІех 124738NickName not found: АІехеу29223 NickName not found: АІехеу29223 88577
Титанов 53: Войн 14
2020-04-04 13:30:29.196059
processing: screenshots\Screenshot_20200404-083540.jpg 

Титанов 53: Войн 14
2020-04-06 10:48:28.721762
processing: screenshots\Screenshot_20200404-225120.jpg 
processing: screenshots\Screenshot_20200405-215642.jpg 
processing: screenshots\Screenshot_20200406-101707.jpg 

Титанов 55: Войн 15
2020-04-07 11:36:37.520546
processing: screenshots\Screenshot_20200407-095958.jpg 

Титанов 56: Войн 15
2020-04-08 17:37:51.912865
processing: screenshots\Screenshot_20200408-091613.jpg 

Титанов 57: Войн 15
2020-04-09 16:19:21.479213
processing: screenshots\Screenshot_20200409-084551.jpg 
processing: screenshots\Screenshot_20200409-121245.jpg 

Титанов 58: Войн 16
2020-04-10 15:34:56.370724
processing: screenshots\Screenshot_20200410-101651.jpg 

Unknown Nicks ["| )al'nobo¥ [UA]", "| )al'nobo¥ [UA] 21181", '', '400']
NickName not found: | )al'nobo¥ [UA] NickName not found: | )al'nobo¥ [UA] 21181NickName not found:  NickName not found: 400
Титанов 59: Войн 16
2020-04-10 15:38:23.437071
processing: screenshots\Screenshot_20200410-101651.txt 

Unknown Nicks ['Макс ["Ukraine-Ukraiпе"]', 'Макс ["Ukraine-Ukraiпе"] 63337']
NickName not found: Макс ["Ukraine-Ukraiпе"] NickName not found: Макс ["Ukraine-Ukraiпе"] 63337
Титанов 59: Войн 16
2020-04-10 15:40:05.252683
processing: screenshots\Screenshot_20200410-101651.txt 

Титанов 59: Войн 16
2020-04-13 10:22:51.575118
processing: screenshots\Screenshot_20200411-103729.jpg 
processing: screenshots\Screenshot_20200412-102335.jpg 
processing: screenshots\Screenshot_20200412-211741.jpg 
processing: screenshots\Screenshot_20200413-072053.jpg 

Титанов 62: Войн 17
2020-04-14 15:43:38.291756
processing: screenshots\Screenshot_20200413-223615.jpg 

Недопустимое значение урона: ey29223188770
Титанов 62: Войн 17
2020-04-14 15:45:43.005757
processing: screenshots\Screenshot_20200413-223615.jpg 

Титанов 63: Войн 17
